OpenROAD v2.0-6895-g5c85b36f8 
This program is licensed under the BSD-3 license. See the LICENSE file for details.
Components of this program may be licensed under more restrictive licenses which must be honored.
[INFO GPL-0002] DBU: 1000
[INFO GPL-0003] SiteSize: 460 2720
[INFO GPL-0004] CoreAreaLxLy: 15180 16320
[INFO GPL-0005] CoreAreaUxUy: 249780 247520
[INFO GPL-0006] NumInstances: 1082
[INFO GPL-0007] NumPlaceInstances: 0
[INFO GPL-0008] NumFixedInstances: 892
[INFO GPL-0009] NumDummyInstances: 190
[INFO GPL-0010] NumNets: 4
[INFO GPL-0011] NumPins: 4
[INFO GPL-0012] DieAreaLxLy: 0 0
[INFO GPL-0013] DieAreaUxUy: 300000 300000
[INFO GPL-0014] CoreAreaLxLy: 15180 16320
[INFO GPL-0015] CoreAreaUxUy: 249780 247520
[INFO GPL-0016] CoreArea: 54239520000
[INFO GPL-0017] NonPlaceInstsArea: 11163206400
[INFO GPL-0018] PlaceInstsArea: 0
[INFO GPL-0019] Util(%): 0.00
[INFO GPL-0020] StdInstsArea: 0
[INFO GPL-0021] MacroInstsArea: 0
[WARNING GPL-0136] No placeable instances - skipping placement.
Elapsed time: 0:00.46[h:]min:sec. CPU time: user 0.35 sys 0.11 (98%). Peak memory: 98424KB.
