OpenROAD v2.0-6895-g5c85b36f8 
This program is licensed under the BSD-3 license. See the LICENSE file for details.
Components of this program may be licensed under more restrictive licenses which must be honored.
[INFO GPL-0002] DBU: 1000
[INFO GPL-0003] SiteSize: 460 2720
[INFO GPL-0004] CoreAreaLxLy: 15180 16320
[INFO GPL-0005] CoreAreaUxUy: 249780 247520
[INFO GPL-0006] NumInstances: 1
[INFO GPL-0007] NumPlaceInstances: 1
[INFO GPL-0008] NumFixedInstances: 0
[INFO GPL-0009] NumDummyInstances: 0
[INFO GPL-0010] NumNets: 4
[INFO GPL-0011] NumPins: 7
[INFO GPL-0012] DieAreaLxLy: 0 0
[INFO GPL-0013] DieAreaUxUy: 300000 300000
[INFO GPL-0014] CoreAreaLxLy: 15180 16320
[INFO GPL-0015] CoreAreaUxUy: 249780 247520
[INFO GPL-0016] CoreArea: 54239520000
[INFO GPL-0017] NonPlaceInstsArea: 0
[INFO GPL-0018] PlaceInstsArea: 320955300
[INFO GPL-0019] Util(%): 0.59
[INFO GPL-0020] StdInstsArea: 320955300
[INFO GPL-0021] MacroInstsArea: 0
[InitialPlace]  Iter: 1 CG residual: 0.00000000 HPWL: 855830
[InitialPlace]  Iter: 2 CG residual: 0.00000000 HPWL: 736149
[InitialPlace]  Iter: 3 CG residual: 0.00000000 HPWL: 710180
[InitialPlace]  Iter: 4 CG residual: 0.00000000 HPWL: 704580
[InitialPlace]  Iter: 5 CG residual: 0.00000000 HPWL: 704580
[INFO GPL-0031] FillerInit: NumGCells: 101
[INFO GPL-0032] FillerInit: NumGNets: 4
[INFO GPL-0033] FillerInit: NumGPins: 7
[INFO GPL-0023] TargetDensity: 0.60
[INFO GPL-0024] AveragePlaceInstArea: 320955300
[INFO GPL-0025] IdealBinArea: 534925472
[INFO GPL-0026] IdealBinCnt: 101
[INFO GPL-0027] TotalBinArea: 54239520000
[INFO GPL-0028] BinCnt: 8 8
[INFO GPL-0029] BinSize: 29325 28900
[INFO GPL-0030] NumBins: 64
[NesterovSolve] Iter: 1 overflow: 0 HPWL: 618172
[NesterovSolve] Finished with Overflow: 0.000000
Elapsed time: 0:00.49[h:]min:sec. CPU time: user 0.44 sys 0.03 (97%). Peak memory: 98092KB.
