OpenROAD v2.0-6895-g5c85b36f8 
This program is licensed under the BSD-3 license. See the LICENSE file for details.
Components of this program may be licensed under more restrictive licenses which must be honored.
[INFO GPL-0002] DBU: 1000
[INFO GPL-0003] SiteSize: 460 2720
[INFO GPL-0004] CoreAreaLxLy: 15180 16320
[INFO GPL-0005] CoreAreaUxUy: 249780 247520
[INFO GPL-0006] NumInstances: 1082
[INFO GPL-0007] NumPlaceInstances: 0
[INFO GPL-0008] NumFixedInstances: 892
[INFO GPL-0009] NumDummyInstances: 190
[INFO GPL-0010] NumNets: 4
[INFO GPL-0011] NumPins: 7
[INFO GPL-0012] DieAreaLxLy: 0 0
[INFO GPL-0013] DieAreaUxUy: 300000 300000
[INFO GPL-0014] CoreAreaLxLy: 15180 16320
[INFO GPL-0015] CoreAreaUxUy: 249780 247520
[INFO GPL-0016] CoreArea: 54239520000
[INFO GPL-0017] NonPlaceInstsArea: 11163206400
[INFO GPL-0018] PlaceInstsArea: 0
[INFO GPL-0019] Util(%): 0.00
[INFO GPL-0020] StdInstsArea: 0
[INFO GPL-0021] MacroInstsArea: 0
[InitialPlace]  Iter: 1 CG residual: 0.00000012 HPWL: 901790
[InitialPlace]  Iter: 2 CG residual: 0.00000012 HPWL: 901790
[InitialPlace]  Iter: 3 CG residual: 0.00000012 HPWL: 901790
[InitialPlace]  Iter: 4 CG residual: 0.00000012 HPWL: 901790
[InitialPlace]  Iter: 5 CG residual: 0.00000012 HPWL: 901790
[WARNING GPL-0136] No placeable instances - skipping placement.

==========================================================================
global place check_setup
--------------------------------------------------------------------------
Warning: There are 2 input ports missing set_input_delay.
Warning: There is 1 output port missing set_output_delay.
Warning: There is 1 unconstrained endpoint.

==========================================================================
global place report_tns
--------------------------------------------------------------------------
tns 0.00

==========================================================================
global place report_wns
--------------------------------------------------------------------------
wns 0.00

==========================================================================
global place report_worst_slack
--------------------------------------------------------------------------
worst slack INF

==========================================================================
global place report_checks -path_delay min
--------------------------------------------------------------------------
No paths found.

==========================================================================
global place report_checks -path_delay max
--------------------------------------------------------------------------
No paths found.

==========================================================================
global place report_checks -unconstrained
--------------------------------------------------------------------------
Startpoint: v_inn (input port)
Endpoint: one_bit/INN (internal pin)
Path Group: (none)
Path Type: max

Fanout     Cap    Slew   Delay    Time   Description
-----------------------------------------------------------------------------
                          0.00    0.00 ^ input external delay
                  0.00    0.00    0.00 ^ v_inn (in)
     1    0.04                           v_inn (net)
                  0.01    0.00    0.00 ^ one_bit/INN (COMPARATOR)
                                  0.00   data arrival time
-----------------------------------------------------------------------------
(Path is unconstrained)



==========================================================================
global place report_power
--------------------------------------------------------------------------
Group                  Internal  Switching    Leakage      Total
                          Power      Power      Power      Power (Watts)
----------------------------------------------------------------
Sequential             0.00e+00   0.00e+00   0.00e+00   0.00e+00   0.0%
Combinational          0.00e+00   0.00e+00   6.09e-10   6.09e-10 100.0%
Macro                  0.00e+00   0.00e+00   0.00e+00   0.00e+00   0.0%
Pad                    0.00e+00   0.00e+00   0.00e+00   0.00e+00   0.0%
----------------------------------------------------------------
Total                  0.00e+00   0.00e+00   6.09e-10   6.09e-10 100.0%
                           0.0%       0.0%     100.0%

==========================================================================
global place report_design_area
--------------------------------------------------------------------------
Design area 2127 u^2 4% utilization.

Elapsed time: 0:00.46[h:]min:sec. CPU time: user 0.38 sys 0.07 (98%). Peak memory: 100588KB.
