#! /usr/bin/vvp
:ivl_version "10.3 (stable)";
:ivl_delay_selection "TYPICAL";
:vpi_time_precision - 12;
:vpi_module "system";
:vpi_module "vhdl_sys";
:vpi_module "v2005_math";
:vpi_module "va_math";
S_0x560f2723a120 .scope module, "tb_counter" "tb_counter" 2 2;
 .timescale -9 -12;
v0x560f272651b0_0 .var "clk", 0 0;
v0x560f27265250_0 .net "out", 3 0, v0x560f27264fa0_0;  1 drivers
v0x560f27265310_0 .var "rstn", 0 0;
S_0x560f2724afc0 .scope module, "c0" "ud_counter" 2 6, 3 14 0, S_0x560f2723a120;
 .timescale -9 -12;
    .port_info 0 /INPUT 1 "clk"
    .port_info 1 /INPUT 1 "rstn"
    .port_info 2 /OUTPUT 4 "out"
v0x560f27264e20_0 .net "clk", 0 0, v0x560f272651b0_0;  1 drivers
v0x560f27264ee0_0 .net "cnt", 3 0, L_0x560f27265790;  1 drivers
v0x560f27264fa0_0 .var "out", 3 0;
v0x560f27265090_0 .net "rstn", 0 0, v0x560f27265310_0;  1 drivers
E_0x560f2724b970 .event edge, v0x560f27264ee0_0;
L_0x560f27265410 .part L_0x560f27265790, 0, 1;
L_0x560f27265540 .part L_0x560f27265790, 1, 1;
L_0x560f27265690 .part L_0x560f27265790, 2, 1;
L_0x560f27265790 .concat8 [ 1 1 1 1], v0x560f2723a880_0, v0x560f27263ee0_0, v0x560f272644e0_0, v0x560f27264b40_0;
S_0x560f2724b1e0 .scope module, "t0" "tff" 3 18, 3 1 0, S_0x560f2724afc0;
 .timescale -9 -12;
    .port_info 0 /INPUT 1 "clk"
    .port_info 1 /INPUT 1 "rstn"
    .port_info 2 /INPUT 1 "t"
    .port_info 3 /OUTPUT 1 "q"
v0x560f2723bb20_0 .net "clk", 0 0, v0x560f272651b0_0;  alias, 1 drivers
v0x560f2723a880_0 .var "q", 0 0;
v0x560f27239560_0 .net "rstn", 0 0, v0x560f27265310_0;  alias, 1 drivers
L_0x7f3454561018 .functor BUFT 1, C4<1>, C4<0>, C4<0>, C4<0>;
v0x560f27263a40_0 .net "t", 0 0, L_0x7f3454561018;  1 drivers
E_0x560f27214600 .event negedge, v0x560f2723bb20_0;
S_0x560f27263b80 .scope module, "t1" "tff" 3 19, 3 1 0, S_0x560f2724afc0;
 .timescale -9 -12;
    .port_info 0 /INPUT 1 "clk"
    .port_info 1 /INPUT 1 "rstn"
    .port_info 2 /INPUT 1 "t"
    .port_info 3 /OUTPUT 1 "q"
v0x560f27263e00_0 .net "clk", 0 0, L_0x560f27265410;  1 drivers
v0x560f27263ee0_0 .var "q", 0 0;
v0x560f27263fa0_0 .net "rstn", 0 0, v0x560f27265310_0;  alias, 1 drivers
L_0x7f3454561060 .functor BUFT 1, C4<1>, C4<0>, C4<0>, C4<0>;
v0x560f27264040_0 .net "t", 0 0, L_0x7f3454561060;  1 drivers
E_0x560f272149b0 .event negedge, v0x560f27263e00_0;
S_0x560f27264170 .scope module, "t2" "tff" 3 20, 3 1 0, S_0x560f2724afc0;
 .timescale -9 -12;
    .port_info 0 /INPUT 1 "clk"
    .port_info 1 /INPUT 1 "rstn"
    .port_info 2 /INPUT 1 "t"
    .port_info 3 /OUTPUT 1 "q"
v0x560f27264400_0 .net "clk", 0 0, L_0x560f27265540;  1 drivers
v0x560f272644e0_0 .var "q", 0 0;
v0x560f272645a0_0 .net "rstn", 0 0, v0x560f27265310_0;  alias, 1 drivers
L_0x7f34545610a8 .functor BUFT 1, C4<1>, C4<0>, C4<0>, C4<0>;
v0x560f272646c0_0 .net "t", 0 0, L_0x7f34545610a8;  1 drivers
E_0x560f27214730 .event negedge, v0x560f27264400_0;
S_0x560f272647e0 .scope module, "t3" "tff" 3 21, 3 1 0, S_0x560f2724afc0;
 .timescale -9 -12;
    .port_info 0 /INPUT 1 "clk"
    .port_info 1 /INPUT 1 "rstn"
    .port_info 2 /INPUT 1 "t"
    .port_info 3 /OUTPUT 1 "q"
v0x560f27264a60_0 .net "clk", 0 0, L_0x560f27265690;  1 drivers
v0x560f27264b40_0 .var "q", 0 0;
v0x560f27264c00_0 .net "rstn", 0 0, v0x560f27265310_0;  alias, 1 drivers
L_0x7f34545610f0 .functor BUFT 1, C4<1>, C4<0>, C4<0>, C4<0>;
v0x560f27264cd0_0 .net "t", 0 0, L_0x7f34545610f0;  1 drivers
E_0x560f2723dda0 .event negedge, v0x560f27264a60_0;
    .scope S_0x560f2724b1e0;
T_0 ;
    %wait E_0x560f27214600;
    %load/vec4 v0x560f27239560_0;
    %nor/r;
    %flag_set/vec4 8;
    %jmp/0xz  T_0.0, 8;
    %pushi/vec4 0, 0, 1;
    %assign/vec4 v0x560f2723a880_0, 0;
    %jmp T_0.1;
T_0.0 ;
    %load/vec4 v0x560f27263a40_0;
    %flag_set/vec4 8;
    %jmp/0xz  T_0.2, 8;
    %load/vec4 v0x560f2723a880_0;
    %inv;
    %assign/vec4 v0x560f2723a880_0, 0;
    %jmp T_0.3;
T_0.2 ;
    %load/vec4 v0x560f2723a880_0;
    %assign/vec4 v0x560f2723a880_0, 0;
T_0.3 ;
T_0.1 ;
    %jmp T_0;
    .thread T_0;
    .scope S_0x560f27263b80;
T_1 ;
    %wait E_0x560f272149b0;
    %load/vec4 v0x560f27263fa0_0;
    %nor/r;
    %flag_set/vec4 8;
    %jmp/0xz  T_1.0, 8;
    %pushi/vec4 0, 0, 1;
    %assign/vec4 v0x560f27263ee0_0, 0;
    %jmp T_1.1;
T_1.0 ;
    %load/vec4 v0x560f27264040_0;
    %flag_set/vec4 8;
    %jmp/0xz  T_1.2, 8;
    %load/vec4 v0x560f27263ee0_0;
    %inv;
    %assign/vec4 v0x560f27263ee0_0, 0;
    %jmp T_1.3;
T_1.2 ;
    %load/vec4 v0x560f27263ee0_0;
    %assign/vec4 v0x560f27263ee0_0, 0;
T_1.3 ;
T_1.1 ;
    %jmp T_1;
    .thread T_1;
    .scope S_0x560f27264170;
T_2 ;
    %wait E_0x560f27214730;
    %load/vec4 v0x560f272645a0_0;
    %nor/r;
    %flag_set/vec4 8;
    %jmp/0xz  T_2.0, 8;
    %pushi/vec4 0, 0, 1;
    %assign/vec4 v0x560f272644e0_0, 0;
    %jmp T_2.1;
T_2.0 ;
    %load/vec4 v0x560f272646c0_0;
    %flag_set/vec4 8;
    %jmp/0xz  T_2.2, 8;
    %load/vec4 v0x560f272644e0_0;
    %inv;
    %assign/vec4 v0x560f272644e0_0, 0;
    %jmp T_2.3;
T_2.2 ;
    %load/vec4 v0x560f272644e0_0;
    %assign/vec4 v0x560f272644e0_0, 0;
T_2.3 ;
T_2.1 ;
    %jmp T_2;
    .thread T_2;
    .scope S_0x560f272647e0;
T_3 ;
    %wait E_0x560f2723dda0;
    %load/vec4 v0x560f27264c00_0;
    %nor/r;
    %flag_set/vec4 8;
    %jmp/0xz  T_3.0, 8;
    %pushi/vec4 0, 0, 1;
    %assign/vec4 v0x560f27264b40_0, 0;
    %jmp T_3.1;
T_3.0 ;
    %load/vec4 v0x560f27264cd0_0;
    %flag_set/vec4 8;
    %jmp/0xz  T_3.2, 8;
    %load/vec4 v0x560f27264b40_0;
    %inv;
    %assign/vec4 v0x560f27264b40_0, 0;
    %jmp T_3.3;
T_3.2 ;
    %load/vec4 v0x560f27264b40_0;
    %assign/vec4 v0x560f27264b40_0, 0;
T_3.3 ;
T_3.1 ;
    %jmp T_3;
    .thread T_3;
    .scope S_0x560f2724afc0;
T_4 ;
    %wait E_0x560f2724b970;
    %load/vec4 v0x560f27264ee0_0;
    %assign/vec4 v0x560f27264fa0_0, 0;
    %jmp T_4;
    .thread T_4, $push;
    .scope S_0x560f2723a120;
T_5 ;
    %delay 5000, 0;
    %load/vec4 v0x560f272651b0_0;
    %inv;
    %store/vec4 v0x560f272651b0_0, 0, 1;
    %jmp T_5;
    .thread T_5;
    .scope S_0x560f2723a120;
T_6 ;
    %vpi_call 2 11 "$dumpfile", "tb_counter.vcd" {0 0 0};
    %vpi_call 2 12 "$dumpvars", 32'sb00000000000000000000000000000000, S_0x560f2723a120 {0 0 0};
    %end;
    .thread T_6;
    .scope S_0x560f2723a120;
T_7 ;
    %pushi/vec4 0, 0, 1;
    %assign/vec4 v0x560f272651b0_0, 0;
    %pushi/vec4 0, 0, 1;
    %assign/vec4 v0x560f27265310_0, 0;
    %delay 20000, 0;
    %pushi/vec4 1, 0, 1;
    %assign/vec4 v0x560f27265310_0, 0;
    %delay 150000, 0;
    %pushi/vec4 0, 0, 1;
    %assign/vec4 v0x560f27265310_0, 0;
    %delay 50000, 0;
    %pushi/vec4 1, 0, 1;
    %assign/vec4 v0x560f27265310_0, 0;
    %delay 200000, 0;
    %vpi_call 2 21 "$finish" {0 0 0};
    %end;
    .thread T_7;
# The file index is used to find the file name in the following table.
:file_names 4;
    "N/A";
    "<interactive>";
    "tb_ud_counter.v";
    "ud_counter.v";
